{"/home/aamar/Downloads/projects/Task/frontend/src/App.jsx": {"path":"/home/aamar/Downloads/projects/Task/frontend/src/App.jsx","statementMap":{"0":{"start":{"line":8,"column":34},"end":{"line":8,"column":46}},"1":{"start":{"line":9,"column":32},"end":{"line":9,"column":47}},"2":{"start":{"line":10,"column":40},"end":{"line":10,"column":54}},"3":{"start":{"line":11,"column":36},"end":{"line":11,"column":48}},"4":{"start":{"line":12,"column":40},"end":{"line":12,"column":52}},"5":{"start":{"line":13,"column":25},"end":{"line":13,"column":37}},"6":{"start":{"line":14,"column":38},"end":{"line":14,"column":53}},"7":{"start":{"line":15,"column":50},"end":{"line":15,"column":64}},"8":{"start":{"line":16,"column":42},"end":{"line":16,"column":57}},"9":{"start":{"line":18,"column":2},"end":{"line":20,"column":9}},"10":{"start":{"line":19,"column":4},"end":{"line":19,"column":24}},"11":{"start":{"line":22,"column":2},"end":{"line":27,"column":28}},"12":{"start":{"line":23,"column":4},"end":{"line":25,"column":5}},"13":{"start":{"line":24,"column":6},"end":{"line":24,"column":74}},"14":{"start":{"line":26,"column":4},"end":{"line":26,"column":21}},"15":{"start":{"line":29,"column":25},"end":{"line":37,"column":3}},"16":{"start":{"line":30,"column":4},"end":{"line":36,"column":5}},"17":{"start":{"line":31,"column":6},"end":{"line":35,"column":7}},"18":{"start":{"line":32,"column":8},"end":{"line":32,"column":70}},"19":{"start":{"line":34,"column":8},"end":{"line":34,"column":59}},"20":{"start":{"line":40,"column":28},"end":{"line":77,"column":3}},"21":{"start":{"line":41,"column":4},"end":{"line":41,"column":30}},"22":{"start":{"line":42,"column":4},"end":{"line":76,"column":5}},"23":{"start":{"line":43,"column":29},"end":{"line":43,"column":69}},"24":{"start":{"line":44,"column":28},"end":{"line":44,"column":116}},"25":{"start":{"line":46,"column":6},"end":{"line":66,"column":7}},"26":{"start":{"line":47,"column":8},"end":{"line":47,"column":37}},"27":{"start":{"line":48,"column":8},"end":{"line":48,"column":35}},"28":{"start":{"line":49,"column":8},"end":{"line":49,"column":31}},"29":{"start":{"line":51,"column":8},"end":{"line":51,"column":30}},"30":{"start":{"line":52,"column":25},"end":{"line":57,"column":10}},"31":{"start":{"line":59,"column":8},"end":{"line":61,"column":9}},"32":{"start":{"line":60,"column":10},"end":{"line":60,"column":58}},"33":{"start":{"line":63,"column":21},"end":{"line":63,"column":42}},"34":{"start":{"line":64,"column":8},"end":{"line":64,"column":37}},"35":{"start":{"line":65,"column":8},"end":{"line":65,"column":65}},"36":{"start":{"line":68,"column":6},"end":{"line":68,"column":30}},"37":{"start":{"line":70,"column":6},"end":{"line":70,"column":58}},"38":{"start":{"line":71,"column":27},"end":{"line":71,"column":35}},"39":{"start":{"line":72,"column":6},"end":{"line":72,"column":33}},"40":{"start":{"line":73,"column":6},"end":{"line":73,"column":61}},"41":{"start":{"line":75,"column":6},"end":{"line":75,"column":33}},"42":{"start":{"line":80,"column":26},"end":{"line":100,"column":3}},"43":{"start":{"line":81,"column":4},"end":{"line":99,"column":5}},"44":{"start":{"line":82,"column":23},"end":{"line":87,"column":8}},"45":{"start":{"line":89,"column":6},"end":{"line":91,"column":7}},"46":{"start":{"line":90,"column":8},"end":{"line":90,"column":55}},"47":{"start":{"line":93,"column":19},"end":{"line":93,"column":40}},"48":{"start":{"line":94,"column":28},"end":{"line":94,"column":53}},"49":{"start":{"line":95,"column":6},"end":{"line":95,"column":36}},"50":{"start":{"line":97,"column":6},"end":{"line":97,"column":57}},"51":{"start":{"line":102,"column":28},"end":{"line":168,"column":3}},"52":{"start":{"line":103,"column":4},"end":{"line":103,"column":29}},"53":{"start":{"line":103,"column":22},"end":{"line":103,"column":29}},"54":{"start":{"line":106,"column":24},"end":{"line":110,"column":5}},"55":{"start":{"line":112,"column":4},"end":{"line":112,"column":64}},"56":{"start":{"line":112,"column":32},"end":{"line":112,"column":62}},"57":{"start":{"line":113,"column":4},"end":{"line":113,"column":21}},"58":{"start":{"line":115,"column":4},"end":{"line":167,"column":5}},"59":{"start":{"line":117,"column":23},"end":{"line":126,"column":8}},"60":{"start":{"line":128,"column":6},"end":{"line":130,"column":7}},"61":{"start":{"line":129,"column":8},"end":{"line":129,"column":55}},"62":{"start":{"line":132,"column":19},"end":{"line":132,"column":40}},"63":{"start":{"line":135,"column":31},"end":{"line":140,"column":7}},"64":{"start":{"line":142,"column":30},"end":{"line":142,"column":74}},"65":{"start":{"line":143,"column":6},"end":{"line":143,"column":35}},"66":{"start":{"line":146,"column":6},"end":{"line":146,"column":81}},"67":{"start":{"line":149,"column":6},"end":{"line":152,"column":7}},"68":{"start":{"line":150,"column":8},"end":{"line":150,"column":31}},"69":{"start":{"line":151,"column":8},"end":{"line":151,"column":32}},"70":{"start":{"line":154,"column":6},"end":{"line":154,"column":37}},"71":{"start":{"line":157,"column":27},"end":{"line":162,"column":7}},"72":{"start":{"line":164,"column":6},"end":{"line":164,"column":67}},"73":{"start":{"line":164,"column":34},"end":{"line":164,"column":65}},"74":{"start":{"line":166,"column":6},"end":{"line":166,"column":24}},"75":{"start":{"line":170,"column":20},"end":{"line":206,"column":3}},"76":{"start":{"line":171,"column":4},"end":{"line":205,"column":5}},"77":{"start":{"line":173,"column":23},"end":{"line":178,"column":8}},"78":{"start":{"line":180,"column":6},"end":{"line":182,"column":7}},"79":{"start":{"line":181,"column":8},"end":{"line":181,"column":56}},"80":{"start":{"line":184,"column":19},"end":{"line":184,"column":40}},"81":{"start":{"line":187,"column":6},"end":{"line":187,"column":63}},"82":{"start":{"line":188,"column":6},"end":{"line":188,"column":51}},"83":{"start":{"line":190,"column":6},"end":{"line":190,"column":35}},"84":{"start":{"line":191,"column":6},"end":{"line":191,"column":22}},"85":{"start":{"line":192,"column":6},"end":{"line":192,"column":28}},"86":{"start":{"line":195,"column":6},"end":{"line":195,"column":30}},"87":{"start":{"line":197,"column":6},"end":{"line":197,"column":55}},"88":{"start":{"line":199,"column":27},"end":{"line":199,"column":35}},"89":{"start":{"line":200,"column":6},"end":{"line":200,"column":61}},"90":{"start":{"line":201,"column":6},"end":{"line":201,"column":51}},"91":{"start":{"line":203,"column":6},"end":{"line":203,"column":33}},"92":{"start":{"line":204,"column":6},"end":{"line":204,"column":22}},"93":{"start":{"line":208,"column":19},"end":{"line":250,"column":3}},"94":{"start":{"line":209,"column":4},"end":{"line":249,"column":5}},"95":{"start":{"line":211,"column":28},"end":{"line":211,"column":82}},"96":{"start":{"line":213,"column":6},"end":{"line":218,"column":7}},"97":{"start":{"line":214,"column":8},"end":{"line":214,"column":25}},"98":{"start":{"line":215,"column":8},"end":{"line":215,"column":35}},"99":{"start":{"line":216,"column":8},"end":{"line":216,"column":53}},"100":{"start":{"line":217,"column":8},"end":{"line":217,"column":15}},"101":{"start":{"line":221,"column":23},"end":{"line":226,"column":8}},"102":{"start":{"line":228,"column":6},"end":{"line":230,"column":7}},"103":{"start":{"line":229,"column":8},"end":{"line":229,"column":47}},"104":{"start":{"line":232,"column":19},"end":{"line":232,"column":40}},"105":{"start":{"line":233,"column":6},"end":{"line":233,"column":23}},"106":{"start":{"line":234,"column":6},"end":{"line":234,"column":39}},"107":{"start":{"line":237,"column":6},"end":{"line":237,"column":51}},"108":{"start":{"line":238,"column":6},"end":{"line":238,"column":78}},"109":{"start":{"line":240,"column":6},"end":{"line":240,"column":50}},"110":{"start":{"line":242,"column":19},"end":{"line":242,"column":66}},"111":{"start":{"line":242,"column":44},"end":{"line":242,"column":65}},"112":{"start":{"line":243,"column":6},"end":{"line":248,"column":7}},"113":{"start":{"line":244,"column":8},"end":{"line":244,"column":25}},"114":{"start":{"line":245,"column":8},"end":{"line":245,"column":35}},"115":{"start":{"line":246,"column":8},"end":{"line":246,"column":53}},"116":{"start":{"line":247,"column":8},"end":{"line":247,"column":74}},"117":{"start":{"line":252,"column":30},"end":{"line":254,"column":3}},"118":{"start":{"line":253,"column":4},"end":{"line":253,"column":32}},"119":{"start":{"line":256,"column":24},"end":{"line":264,"column":3}},"120":{"start":{"line":257,"column":4},"end":{"line":257,"column":24}},"121":{"start":{"line":258,"column":4},"end":{"line":258,"column":33}},"122":{"start":{"line":261,"column":4},"end":{"line":263,"column":12}},"123":{"start":{"line":262,"column":6},"end":{"line":262,"column":27}},"124":{"start":{"line":266,"column":23},"end":{"line":276,"column":3}},"125":{"start":{"line":267,"column":4},"end":{"line":274,"column":5}},"126":{"start":{"line":268,"column":31},"end":{"line":268,"column":79}},"127":{"start":{"line":268,"column":57},"end":{"line":268,"column":78}},"128":{"start":{"line":269,"column":6},"end":{"line":273,"column":7}},"129":{"start":{"line":270,"column":8},"end":{"line":272,"column":34}},"130":{"start":{"line":275,"column":4},"end":{"line":275,"column":67}},"131":{"start":{"line":278,"column":2},"end":{"line":361,"column":4}},"132":{"start":{"line":325,"column":20},"end":{"line":331,"column":25}},"133":{"start":{"line":327,"column":37},"end":{"line":327,"column":66}},"134":{"start":{"line":338,"column":18},"end":{"line":338,"column":63}}},"fnMap":{"0":{"name":"App","decl":{"start":{"line":7,"column":9},"end":{"line":7,"column":12}},"loc":{"start":{"line":7,"column":15},"end":{"line":362,"column":1}},"line":7},"1":{"name":"(anonymous_1)","decl":{"start":{"line":18,"column":12},"end":{"line":18,"column":13}},"loc":{"start":{"line":18,"column":18},"end":{"line":20,"column":3}},"line":18},"2":{"name":"(anonymous_2)","decl":{"start":{"line":22,"column":12},"end":{"line":22,"column":13}},"loc":{"start":{"line":22,"column":18},"end":{"line":27,"column":3}},"line":22},"3":{"name":"(anonymous_3)","decl":{"start":{"line":29,"column":25},"end":{"line":29,"column":26}},"loc":{"start":{"line":29,"column":31},"end":{"line":37,"column":3}},"line":29},"4":{"name":"(anonymous_4)","decl":{"start":{"line":40,"column":28},"end":{"line":40,"column":29}},"loc":{"start":{"line":40,"column":40},"end":{"line":77,"column":3}},"line":40},"5":{"name":"(anonymous_5)","decl":{"start":{"line":80,"column":26},"end":{"line":80,"column":27}},"loc":{"start":{"line":80,"column":38},"end":{"line":100,"column":3}},"line":80},"6":{"name":"(anonymous_6)","decl":{"start":{"line":102,"column":28},"end":{"line":102,"column":29}},"loc":{"start":{"line":102,"column":44},"end":{"line":168,"column":3}},"line":102},"7":{"name":"(anonymous_7)","decl":{"start":{"line":112,"column":16},"end":{"line":112,"column":17}},"loc":{"start":{"line":112,"column":32},"end":{"line":112,"column":62}},"line":112},"8":{"name":"(anonymous_8)","decl":{"start":{"line":164,"column":18},"end":{"line":164,"column":19}},"loc":{"start":{"line":164,"column":34},"end":{"line":164,"column":65}},"line":164},"9":{"name":"(anonymous_9)","decl":{"start":{"line":170,"column":20},"end":{"line":170,"column":21}},"loc":{"start":{"line":170,"column":32},"end":{"line":206,"column":3}},"line":170},"10":{"name":"(anonymous_10)","decl":{"start":{"line":208,"column":19},"end":{"line":208,"column":20}},"loc":{"start":{"line":208,"column":33},"end":{"line":250,"column":3}},"line":208},"11":{"name":"(anonymous_11)","decl":{"start":{"line":242,"column":36},"end":{"line":242,"column":37}},"loc":{"start":{"line":242,"column":44},"end":{"line":242,"column":65}},"line":242},"12":{"name":"(anonymous_12)","decl":{"start":{"line":252,"column":30},"end":{"line":252,"column":31}},"loc":{"start":{"line":252,"column":44},"end":{"line":254,"column":3}},"line":252},"13":{"name":"(anonymous_13)","decl":{"start":{"line":256,"column":24},"end":{"line":256,"column":25}},"loc":{"start":{"line":256,"column":30},"end":{"line":264,"column":3}},"line":256},"14":{"name":"(anonymous_14)","decl":{"start":{"line":261,"column":15},"end":{"line":261,"column":16}},"loc":{"start":{"line":261,"column":21},"end":{"line":263,"column":5}},"line":261},"15":{"name":"(anonymous_15)","decl":{"start":{"line":266,"column":23},"end":{"line":266,"column":24}},"loc":{"start":{"line":266,"column":33},"end":{"line":276,"column":3}},"line":266},"16":{"name":"(anonymous_16)","decl":{"start":{"line":268,"column":50},"end":{"line":268,"column":51}},"loc":{"start":{"line":268,"column":57},"end":{"line":268,"column":78}},"line":268},"17":{"name":"(anonymous_17)","decl":{"start":{"line":324,"column":24},"end":{"line":324,"column":25}},"loc":{"start":{"line":325,"column":20},"end":{"line":331,"column":25}},"line":325},"18":{"name":"(anonymous_18)","decl":{"start":{"line":327,"column":31},"end":{"line":327,"column":32}},"loc":{"start":{"line":327,"column":37},"end":{"line":327,"column":66}},"line":327},"19":{"name":"(anonymous_19)","decl":{"start":{"line":337,"column":30},"end":{"line":337,"column":31}},"loc":{"start":{"line":338,"column":18},"end":{"line":338,"column":63}},"line":338}},"branchMap":{"0":{"loc":{"start":{"line":23,"column":4},"end":{"line":25,"column":5}},"type":"if","locations":[{"start":{"line":23,"column":4},"end":{"line":25,"column":5}},{"start":{},"end":{}}],"line":23},"1":{"loc":{"start":{"line":23,"column":8},"end":{"line":23,"column":40}},"type":"binary-expr","locations":[{"start":{"line":23,"column":8},"end":{"line":23,"column":27}},{"start":{"line":23,"column":31},"end":{"line":23,"column":40}}],"line":23},"2":{"loc":{"start":{"line":30,"column":4},"end":{"line":36,"column":5}},"type":"if","locations":[{"start":{"line":30,"column":4},"end":{"line":36,"column":5}},{"start":{},"end":{}}],"line":30},"3":{"loc":{"start":{"line":44,"column":28},"end":{"line":44,"column":116}},"type":"cond-expr","locations":[{"start":{"line":44,"column":45},"end":{"line":44,"column":111}},{"start":{"line":44,"column":114},"end":{"line":44,"column":116}}],"line":44},"4":{"loc":{"start":{"line":44,"column":56},"end":{"line":44,"column":110}},"type":"binary-expr","locations":[{"start":{"line":44,"column":56},"end":{"line":44,"column":102}},{"start":{"line":44,"column":106},"end":{"line":44,"column":110}}],"line":44},"5":{"loc":{"start":{"line":46,"column":6},"end":{"line":66,"column":7}},"type":"if","locations":[{"start":{"line":46,"column":6},"end":{"line":66,"column":7}},{"start":{"line":50,"column":13},"end":{"line":66,"column":7}}],"line":46},"6":{"loc":{"start":{"line":59,"column":8},"end":{"line":61,"column":9}},"type":"if","locations":[{"start":{"line":59,"column":8},"end":{"line":61,"column":9}},{"start":{},"end":{}}],"line":59},"7":{"loc":{"start":{"line":89,"column":6},"end":{"line":91,"column":7}},"type":"if","locations":[{"start":{"line":89,"column":6},"end":{"line":91,"column":7}},{"start":{},"end":{}}],"line":89},"8":{"loc":{"start":{"line":94,"column":33},"end":{"line":94,"column":51}},"type":"binary-expr","locations":[{"start":{"line":94,"column":33},"end":{"line":94,"column":45}},{"start":{"line":94,"column":49},"end":{"line":94,"column":51}}],"line":94},"9":{"loc":{"start":{"line":103,"column":4},"end":{"line":103,"column":29}},"type":"if","locations":[{"start":{"line":103,"column":4},"end":{"line":103,"column":29}},{"start":{},"end":{}}],"line":103},"10":{"loc":{"start":{"line":128,"column":6},"end":{"line":130,"column":7}},"type":"if","locations":[{"start":{"line":128,"column":6},"end":{"line":130,"column":7}},{"start":{},"end":{}}],"line":128},"11":{"loc":{"start":{"line":139,"column":16},"end":{"line":139,"column":40}},"type":"binary-expr","locations":[{"start":{"line":139,"column":16},"end":{"line":139,"column":27}},{"start":{"line":139,"column":31},"end":{"line":139,"column":40}}],"line":139},"12":{"loc":{"start":{"line":149,"column":6},"end":{"line":152,"column":7}},"type":"if","locations":[{"start":{"line":149,"column":6},"end":{"line":152,"column":7}},{"start":{},"end":{}}],"line":149},"13":{"loc":{"start":{"line":149,"column":10},"end":{"line":149,"column":46}},"type":"binary-expr","locations":[{"start":{"line":149,"column":10},"end":{"line":149,"column":22}},{"start":{"line":149,"column":26},"end":{"line":149,"column":46}}],"line":149},"14":{"loc":{"start":{"line":180,"column":6},"end":{"line":182,"column":7}},"type":"if","locations":[{"start":{"line":180,"column":6},"end":{"line":182,"column":7}},{"start":{},"end":{}}],"line":180},"15":{"loc":{"start":{"line":211,"column":39},"end":{"line":211,"column":81}},"type":"binary-expr","locations":[{"start":{"line":211,"column":39},"end":{"line":211,"column":73}},{"start":{"line":211,"column":77},"end":{"line":211,"column":81}}],"line":211},"16":{"loc":{"start":{"line":213,"column":6},"end":{"line":218,"column":7}},"type":"if","locations":[{"start":{"line":213,"column":6},"end":{"line":218,"column":7}},{"start":{},"end":{}}],"line":213},"17":{"loc":{"start":{"line":228,"column":6},"end":{"line":230,"column":7}},"type":"if","locations":[{"start":{"line":228,"column":6},"end":{"line":230,"column":7}},{"start":{},"end":{}}],"line":228},"18":{"loc":{"start":{"line":234,"column":18},"end":{"line":234,"column":37}},"type":"binary-expr","locations":[{"start":{"line":234,"column":18},"end":{"line":234,"column":31}},{"start":{"line":234,"column":35},"end":{"line":234,"column":37}}],"line":234},"19":{"loc":{"start":{"line":238,"column":56},"end":{"line":238,"column":75}},"type":"binary-expr","locations":[{"start":{"line":238,"column":56},"end":{"line":238,"column":69}},{"start":{"line":238,"column":73},"end":{"line":238,"column":75}}],"line":238},"20":{"loc":{"start":{"line":243,"column":6},"end":{"line":248,"column":7}},"type":"if","locations":[{"start":{"line":243,"column":6},"end":{"line":248,"column":7}},{"start":{},"end":{}}],"line":243},"21":{"loc":{"start":{"line":243,"column":10},"end":{"line":243,"column":31}},"type":"binary-expr","locations":[{"start":{"line":243,"column":10},"end":{"line":243,"column":14}},{"start":{"line":243,"column":18},"end":{"line":243,"column":31}}],"line":243},"22":{"loc":{"start":{"line":267,"column":4},"end":{"line":274,"column":5}},"type":"if","locations":[{"start":{"line":267,"column":4},"end":{"line":274,"column":5}},{"start":{},"end":{}}],"line":267},"23":{"loc":{"start":{"line":267,"column":8},"end":{"line":267,"column":49}},"type":"binary-expr","locations":[{"start":{"line":267,"column":8},"end":{"line":267,"column":21}},{"start":{"line":267,"column":25},"end":{"line":267,"column":49}}],"line":267},"24":{"loc":{"start":{"line":269,"column":6},"end":{"line":273,"column":7}},"type":"if","locations":[{"start":{"line":269,"column":6},"end":{"line":273,"column":7}},{"start":{},"end":{}}],"line":269},"25":{"loc":{"start":{"line":270,"column":15},"end":{"line":272,"column":33}},"type":"cond-expr","locations":[{"start":{"line":271,"column":12},"end":{"line":271,"column":58}},{"start":{"line":272,"column":12},"end":{"line":272,"column":33}}],"line":270},"26":{"loc":{"start":{"line":281,"column":9},"end":{"line":292,"column":9}},"type":"binary-expr","locations":[{"start":{"line":281,"column":9},"end":{"line":281,"column":20}},{"start":{"line":282,"column":10},"end":{"line":291,"column":16}}],"line":281},"27":{"loc":{"start":{"line":282,"column":81},"end":{"line":282,"column":114}},"type":"cond-expr","locations":[{"start":{"line":282,"column":94},"end":{"line":282,"column":109}},{"start":{"line":282,"column":112},"end":{"line":282,"column":114}}],"line":282},"28":{"loc":{"start":{"line":296,"column":41},"end":{"line":296,"column":75}},"type":"cond-expr","locations":[{"start":{"line":296,"column":55},"end":{"line":296,"column":64}},{"start":{"line":296,"column":67},"end":{"line":296,"column":75}}],"line":296},"29":{"loc":{"start":{"line":298,"column":24},"end":{"line":298,"column":69}},"type":"cond-expr","locations":[{"start":{"line":298,"column":38},"end":{"line":298,"column":52}},{"start":{"line":298,"column":55},"end":{"line":298,"column":69}}],"line":298},"30":{"loc":{"start":{"line":300,"column":13},"end":{"line":308,"column":13}},"type":"cond-expr","locations":[{"start":{"line":301,"column":14},"end":{"line":303,"column":20}},{"start":{"line":305,"column":14},"end":{"line":307,"column":20}}],"line":300},"31":{"loc":{"start":{"line":312,"column":13},"end":{"line":349,"column":13}},"type":"cond-expr","locations":[{"start":{"line":313,"column":14},"end":{"line":313,"column":107}},{"start":{"line":314,"column":16},"end":{"line":349,"column":13}}],"line":312},"32":{"loc":{"start":{"line":314,"column":16},"end":{"line":349,"column":13}},"type":"cond-expr","locations":[{"start":{"line":315,"column":14},"end":{"line":334,"column":20}},{"start":{"line":336,"column":14},"end":{"line":348,"column":20}}],"line":314},"33":{"loc":{"start":{"line":340,"column":17},"end":{"line":346,"column":17}},"type":"binary-expr","locations":[{"start":{"line":340,"column":17},"end":{"line":340,"column":24}},{"start":{"line":341,"column":18},"end":{"line":345,"column":24}}],"line":340}},"s":{"0":43,"1":43,"2":43,"3":43,"4":43,"5":43,"6":43,"7":43,"8":43,"9":43,"10":10,"11":43,"12":28,"13":9,"14":28,"15":43,"16":28,"17":7,"18":7,"19":0,"20":43,"21":10,"22":10,"23":10,"24":10,"25":10,"26":2,"27":2,"28":2,"29":8,"30":8,"31":8,"32":1,"33":7,"34":7,"35":7,"36":9,"37":1,"38":1,"39":1,"40":1,"41":10,"42":43,"43":13,"44":13,"45":12,"46":0,"47":12,"48":12,"49":12,"50":1,"51":43,"52":3,"53":0,"54":3,"55":3,"56":3,"57":3,"58":3,"59":3,"60":3,"61":0,"62":3,"63":3,"64":3,"65":3,"66":3,"67":3,"68":3,"69":3,"70":0,"71":0,"72":0,"73":0,"74":3,"75":43,"76":1,"77":1,"78":1,"79":0,"80":1,"81":1,"82":1,"83":1,"84":1,"85":1,"86":1,"87":0,"88":0,"89":0,"90":0,"91":0,"92":0,"93":43,"94":1,"95":1,"96":1,"97":0,"98":0,"99":0,"100":0,"101":1,"102":1,"103":0,"104":1,"105":1,"106":1,"107":1,"108":1,"109":0,"110":0,"111":0,"112":0,"113":0,"114":0,"115":0,"116":0,"117":43,"118":1,"119":43,"120":1,"121":1,"122":1,"123":1,"124":43,"125":0,"126":0,"127":0,"128":0,"129":0,"130":0,"131":43,"132":44,"133":1,"134":21},"f":{"0":43,"1":10,"2":28,"3":28,"4":10,"5":13,"6":3,"7":3,"8":0,"9":1,"10":1,"11":0,"12":1,"13":1,"14":1,"15":0,"16":0,"17":44,"18":1,"19":21},"b":{"0":[9,19],"1":[28,9],"2":[7,21],"3":[2,8],"4":[2,0],"5":[2,8],"6":[1,7],"7":[0,12],"8":[12,0],"9":[0,3],"10":[0,3],"11":[3,0],"12":[3,0],"13":[3,3],"14":[0,1],"15":[1,1],"16":[0,1],"17":[0,1],"18":[1,0],"19":[1,0],"20":[0,0],"21":[0,0],"22":[0,0],"23":[0,0],"24":[0,0],"25":[0,0],"26":[43,42],"27":[0,42],"28":[42,1],"29":[42,1],"30":[42,1],"31":[20,23],"32":[11,12],"33":[12,6]},"_coverageSchema":"1a1c01bbd47fc00a2c39e90264f33305004495a9","hash":"9ed4dd9743e9bafcc1f28d7756beed50241f808e"}
,"/home/aamar/Downloads/projects/Task/frontend/src/components/ChatInput.jsx": {"path":"/home/aamar/Downloads/projects/Task/frontend/src/components/ChatInput.jsx","statementMap":{"0":{"start":{"line":4,"column":36},"end":{"line":4,"column":48}},"1":{"start":{"line":5,"column":22},"end":{"line":5,"column":34}},"2":{"start":{"line":7,"column":2},"end":{"line":13,"column":18}},"3":{"start":{"line":8,"column":4},"end":{"line":12,"column":5}},"4":{"start":{"line":10,"column":6},"end":{"line":10,"column":48}},"5":{"start":{"line":11,"column":6},"end":{"line":11,"column":96}},"6":{"start":{"line":15,"column":23},"end":{"line":21,"column":3}},"7":{"start":{"line":16,"column":4},"end":{"line":16,"column":23}},"8":{"start":{"line":17,"column":4},"end":{"line":20,"column":5}},"9":{"start":{"line":18,"column":6},"end":{"line":18,"column":31}},"10":{"start":{"line":19,"column":6},"end":{"line":19,"column":23}},"11":{"start":{"line":23,"column":24},"end":{"line":29,"column":3}},"12":{"start":{"line":25,"column":4},"end":{"line":28,"column":5}},"13":{"start":{"line":26,"column":6},"end":{"line":26,"column":25}},"14":{"start":{"line":27,"column":6},"end":{"line":27,"column":22}},"15":{"start":{"line":31,"column":2},"end":{"line":63,"column":4}},"16":{"start":{"line":37,"column":27},"end":{"line":37,"column":55}}},"fnMap":{"0":{"name":"ChatInput","decl":{"start":{"line":3,"column":9},"end":{"line":3,"column":18}},"loc":{"start":{"line":3,"column":48},"end":{"line":64,"column":1}},"line":3},"1":{"name":"(anonymous_1)","decl":{"start":{"line":7,"column":12},"end":{"line":7,"column":13}},"loc":{"start":{"line":7,"column":18},"end":{"line":13,"column":3}},"line":7},"2":{"name":"(anonymous_2)","decl":{"start":{"line":15,"column":23},"end":{"line":15,"column":24}},"loc":{"start":{"line":15,"column":30},"end":{"line":21,"column":3}},"line":15},"3":{"name":"(anonymous_3)","decl":{"start":{"line":23,"column":24},"end":{"line":23,"column":25}},"loc":{"start":{"line":23,"column":31},"end":{"line":29,"column":3}},"line":23},"4":{"name":"(anonymous_4)","decl":{"start":{"line":37,"column":20},"end":{"line":37,"column":21}},"loc":{"start":{"line":37,"column":27},"end":{"line":37,"column":55}},"line":37}},"branchMap":{"0":{"loc":{"start":{"line":8,"column":4},"end":{"line":12,"column":5}},"type":"if","locations":[{"start":{"line":8,"column":4},"end":{"line":12,"column":5}},{"start":{},"end":{}}],"line":8},"1":{"loc":{"start":{"line":17,"column":4},"end":{"line":20,"column":5}},"type":"if","locations":[{"start":{"line":17,"column":4},"end":{"line":20,"column":5}},{"start":{},"end":{}}],"line":17},"2":{"loc":{"start":{"line":17,"column":8},"end":{"line":17,"column":37}},"type":"binary-expr","locations":[{"start":{"line":17,"column":8},"end":{"line":17,"column":24}},{"start":{"line":17,"column":28},"end":{"line":17,"column":37}}],"line":17},"3":{"loc":{"start":{"line":25,"column":4},"end":{"line":28,"column":5}},"type":"if","locations":[{"start":{"line":25,"column":4},"end":{"line":28,"column":5}},{"start":{},"end":{}}],"line":25},"4":{"loc":{"start":{"line":25,"column":8},"end":{"line":25,"column":40}},"type":"binary-expr","locations":[{"start":{"line":25,"column":8},"end":{"line":25,"column":25}},{"start":{"line":25,"column":29},"end":{"line":25,"column":40}}],"line":25},"5":{"loc":{"start":{"line":48,"column":22},"end":{"line":48,"column":51}},"type":"binary-expr","locations":[{"start":{"line":48,"column":22},"end":{"line":48,"column":30}},{"start":{"line":48,"column":34},"end":{"line":48,"column":51}}],"line":48},"6":{"loc":{"start":{"line":50,"column":14},"end":{"line":52,"column":91}},"type":"cond-expr","locations":[{"start":{"line":51,"column":18},"end":{"line":51,"column":64}},{"start":{"line":52,"column":18},"end":{"line":52,"column":91}}],"line":50},"7":{"loc":{"start":{"line":50,"column":14},"end":{"line":50,"column":43}},"type":"binary-expr","locations":[{"start":{"line":50,"column":14},"end":{"line":50,"column":22}},{"start":{"line":50,"column":26},"end":{"line":50,"column":43}}],"line":50}},"s":{"0":58,"1":58,"2":58,"3":27,"4":27,"5":27,"6":58,"7":4,"8":4,"9":4,"10":4,"11":58,"12":3,"13":2,"14":2,"15":58,"16":6},"f":{"0":58,"1":27,"2":4,"3":3,"4":6},"b":{"0":[27,0],"1":[4,0],"2":[4,4],"3":[2,1],"4":[3,3],"5":[58,51],"6":[52,6],"7":[58,51]},"_coverageSchema":"1a1c01bbd47fc00a2c39e90264f33305004495a9","hash":"13963b57d6d49545a0b84f66e2e915c11907ca7f"}
,"/home/aamar/Downloads/projects/Task/frontend/src/components/ChatMessage.jsx": {"path":"/home/aamar/Downloads/projects/Task/frontend/src/components/ChatMessage.jsx","statementMap":{"0":{"start":{"line":5,"column":55},"end":{"line":5,"column":62}},"1":{"start":{"line":7,"column":24},"end":{"line":10,"column":4}},"2":{"start":{"line":12,"column":2},"end":{"line":58,"column":4}}},"fnMap":{"0":{"name":"ChatMessage","decl":{"start":{"line":4,"column":9},"end":{"line":4,"column":20}},"loc":{"start":{"line":4,"column":34},"end":{"line":59,"column":1}},"line":4}},"branchMap":{"0":{"loc":{"start":{"line":13,"column":33},"end":{"line":13,"column":84}},"type":"cond-expr","locations":[{"start":{"line":13,"column":53},"end":{"line":13,"column":66}},{"start":{"line":13,"column":69},"end":{"line":13,"column":84}}],"line":13},"1":{"loc":{"start":{"line":14,"column":40},"end":{"line":14,"column":91}},"type":"cond-expr","locations":[{"start":{"line":14,"column":60},"end":{"line":14,"column":78}},{"start":{"line":14,"column":81},"end":{"line":14,"column":91}}],"line":14},"2":{"loc":{"start":{"line":16,"column":10},"end":{"line":16,"column":64}},"type":"cond-expr","locations":[{"start":{"line":16,"column":30},"end":{"line":16,"column":48}},{"start":{"line":16,"column":51},"end":{"line":16,"column":64}}],"line":16},"3":{"loc":{"start":{"line":18,"column":11},"end":{"line":28,"column":11}},"type":"cond-expr","locations":[{"start":{"line":19,"column":12},"end":{"line":22,"column":18}},{"start":{"line":24,"column":12},"end":{"line":27,"column":18}}],"line":18},"4":{"loc":{"start":{"line":32,"column":10},"end":{"line":33,"column":101}},"type":"cond-expr","locations":[{"start":{"line":32,"column":20},"end":{"line":32,"column":53}},{"start":{"line":33,"column":10},"end":{"line":33,"column":101}}],"line":32},"5":{"loc":{"start":{"line":33,"column":10},"end":{"line":33,"column":101}},"type":"cond-expr","locations":[{"start":{"line":33,"column":30},"end":{"line":33,"column":65}},{"start":{"line":33,"column":68},"end":{"line":33,"column":101}}],"line":33},"6":{"loc":{"start":{"line":37,"column":14},"end":{"line":37,"column":94}},"type":"cond-expr","locations":[{"start":{"line":37,"column":24},"end":{"line":37,"column":38}},{"start":{"line":37,"column":41},"end":{"line":37,"column":94}}],"line":37},"7":{"loc":{"start":{"line":37,"column":41},"end":{"line":37,"column":94}},"type":"cond-expr","locations":[{"start":{"line":37,"column":61},"end":{"line":37,"column":76}},{"start":{"line":37,"column":79},"end":{"line":37,"column":94}}],"line":37},"8":{"loc":{"start":{"line":39,"column":15},"end":{"line":39,"column":54}},"type":"cond-expr","locations":[{"start":{"line":39,"column":35},"end":{"line":39,"column":40}},{"start":{"line":39,"column":43},"end":{"line":39,"column":54}}],"line":39},"9":{"loc":{"start":{"line":47,"column":15},"end":{"line":51,"column":15}},"type":"binary-expr","locations":[{"start":{"line":47,"column":15},"end":{"line":47,"column":21}},{"start":{"line":47,"column":25},"end":{"line":47,"column":45}},{"start":{"line":48,"column":16},"end":{"line":50,"column":22}}],"line":47}},"s":{"0":24,"1":24,"2":24},"f":{"0":24},"b":{"0":[13,11],"1":[13,11],"2":[13,11],"3":[13,11],"4":[0,24],"5":[13,11],"6":[0,24],"7":[13,11],"8":[13,11],"9":[24,8,7]},"_coverageSchema":"1a1c01bbd47fc00a2c39e90264f33305004495a9","hash":"41d8c49b33e6e09c47925f9ec555c257454d6e7d"}
,"/home/aamar/Downloads/projects/Task/frontend/src/components/Sidebar.jsx": {"path":"/home/aamar/Downloads/projects/Task/frontend/src/components/Sidebar.jsx","statementMap":{"0":{"start":{"line":4,"column":2},"end":{"line":51,"column":4}},"1":{"start":{"line":25,"column":14},"end":{"line":38,"column":19}},"2":{"start":{"line":32,"column":31},"end":{"line":32,"column":57}}},"fnMap":{"0":{"name":"Sidebar","decl":{"start":{"line":3,"column":9},"end":{"line":3,"column":16}},"loc":{"start":{"line":3,"column":75},"end":{"line":52,"column":1}},"line":3},"1":{"name":"(anonymous_1)","decl":{"start":{"line":24,"column":29},"end":{"line":24,"column":30}},"loc":{"start":{"line":25,"column":14},"end":{"line":38,"column":19}},"line":25},"2":{"name":"(anonymous_2)","decl":{"start":{"line":32,"column":25},"end":{"line":32,"column":26}},"loc":{"start":{"line":32,"column":31},"end":{"line":32,"column":57}},"line":32}},"branchMap":{"0":{"loc":{"start":{"line":22,"column":9},"end":{"line":43,"column":9}},"type":"cond-expr","locations":[{"start":{"line":23,"column":10},"end":{"line":40,"column":15}},{"start":{"line":42,"column":10},"end":{"line":42,"column":89}}],"line":22},"1":{"loc":{"start":{"line":22,"column":9},"end":{"line":22,"column":46}},"type":"binary-expr","locations":[{"start":{"line":22,"column":9},"end":{"line":22,"column":20}},{"start":{"line":22,"column":24},"end":{"line":22,"column":46}}],"line":22},"2":{"loc":{"start":{"line":28,"column":18},"end":{"line":30,"column":41}},"type":"cond-expr","locations":[{"start":{"line":29,"column":22},"end":{"line":29,"column":49}},{"start":{"line":30,"column":22},"end":{"line":30,"column":41}}],"line":28}},"s":{"0":49,"1":42,"2":2},"f":{"0":49,"1":42,"2":2},"b":{"0":[21,28],"1":[49,46],"2":[4,38]},"_coverageSchema":"1a1c01bbd47fc00a2c39e90264f33305004495a9","hash":"a819382ef63b09d9b912db1ecd79e853f82d476b"}
}
