TN:
SF:src/App.jsx
FN:7,App
FN:18,(anonymous_1)
FN:22,(anonymous_2)
FN:29,(anonymous_3)
FN:40,(anonymous_4)
FN:80,(anonymous_5)
FN:102,(anonymous_6)
FN:112,(anonymous_7)
FN:164,(anonymous_8)
FN:170,(anonymous_9)
FN:208,(anonymous_10)
FN:242,(anonymous_11)
FN:252,(anonymous_12)
FN:256,(anonymous_13)
FN:261,(anonymous_14)
FN:266,(anonymous_15)
FN:268,(anonymous_16)
FN:324,(anonymous_17)
FN:327,(anonymous_18)
FN:337,(anonymous_19)
FNF:20
FNH:16
FNDA:43,App
FNDA:10,(anonymous_1)
FNDA:28,(anonymous_2)
FNDA:28,(anonymous_3)
FNDA:10,(anonymous_4)
FNDA:13,(anonymous_5)
FNDA:3,(anonymous_6)
FNDA:3,(anonymous_7)
FNDA:0,(anonymous_8)
FNDA:1,(anonymous_9)
FNDA:1,(anonymous_10)
FNDA:0,(anonymous_11)
FNDA:1,(anonymous_12)
FNDA:1,(anonymous_13)
FNDA:1,(anonymous_14)
FNDA:0,(anonymous_15)
FNDA:0,(anonymous_16)
FNDA:44,(anonymous_17)
FNDA:1,(anonymous_18)
FNDA:21,(anonymous_19)
DA:8,43
DA:9,43
DA:10,43
DA:11,43
DA:12,43
DA:13,43
DA:14,43
DA:15,43
DA:16,43
DA:18,43
DA:19,10
DA:22,43
DA:23,28
DA:24,9
DA:26,28
DA:29,43
DA:30,28
DA:31,7
DA:32,7
DA:34,0
DA:40,43
DA:41,10
DA:42,10
DA:43,10
DA:44,10
DA:46,10
DA:47,2
DA:48,2
DA:49,2
DA:51,8
DA:52,8
DA:59,8
DA:60,1
DA:63,7
DA:64,7
DA:65,7
DA:68,9
DA:70,1
DA:71,1
DA:72,1
DA:73,1
DA:75,10
DA:80,43
DA:81,13
DA:82,13
DA:89,12
DA:90,0
DA:93,12
DA:94,12
DA:95,12
DA:97,1
DA:102,43
DA:103,3
DA:106,3
DA:112,3
DA:113,3
DA:115,3
DA:117,3
DA:128,3
DA:129,0
DA:132,3
DA:135,3
DA:142,3
DA:143,3
DA:146,3
DA:149,3
DA:150,3
DA:151,3
DA:154,0
DA:157,0
DA:164,0
DA:166,3
DA:170,43
DA:171,1
DA:173,1
DA:180,1
DA:181,0
DA:184,1
DA:187,1
DA:188,1
DA:190,1
DA:191,1
DA:192,1
DA:195,1
DA:197,0
DA:199,0
DA:200,0
DA:201,0
DA:203,0
DA:204,0
DA:208,43
DA:209,1
DA:211,1
DA:213,1
DA:214,0
DA:215,0
DA:216,0
DA:217,0
DA:221,1
DA:228,1
DA:229,0
DA:232,1
DA:233,1
DA:234,1
DA:237,1
DA:238,1
DA:240,0
DA:242,0
DA:243,0
DA:244,0
DA:245,0
DA:246,0
DA:247,0
DA:252,43
DA:253,1
DA:256,43
DA:257,1
DA:258,1
DA:261,1
DA:262,1
DA:266,43
DA:267,0
DA:268,0
DA:269,0
DA:270,0
DA:275,0
DA:278,43
DA:325,44
DA:327,1
DA:338,21
LF:130
LH:100
BRDA:23,0,0,9
BRDA:23,0,1,19
BRDA:23,1,0,28
BRDA:23,1,1,9
BRDA:30,2,0,7
BRDA:30,2,1,21
BRDA:44,3,0,2
BRDA:44,3,1,8
BRDA:44,4,0,2
BRDA:44,4,1,0
BRDA:46,5,0,2
BRDA:46,5,1,8
BRDA:59,6,0,1
BRDA:59,6,1,7
BRDA:89,7,0,0
BRDA:89,7,1,12
BRDA:94,8,0,12
BRDA:94,8,1,0
BRDA:103,9,0,0
BRDA:103,9,1,3
BRDA:128,10,0,0
BRDA:128,10,1,3
BRDA:139,11,0,3
BRDA:139,11,1,0
BRDA:149,12,0,3
BRDA:149,12,1,0
BRDA:149,13,0,3
BRDA:149,13,1,3
BRDA:180,14,0,0
BRDA:180,14,1,1
BRDA:211,15,0,1
BRDA:211,15,1,1
BRDA:213,16,0,0
BRDA:213,16,1,1
BRDA:228,17,0,0
BRDA:228,17,1,1
BRDA:234,18,0,1
BRDA:234,18,1,0
BRDA:238,19,0,1
BRDA:238,19,1,0
BRDA:243,20,0,0
BRDA:243,20,1,0
BRDA:243,21,0,0
BRDA:243,21,1,0
BRDA:267,22,0,0
BRDA:267,22,1,0
BRDA:267,23,0,0
BRDA:267,23,1,0
BRDA:269,24,0,0
BRDA:269,24,1,0
BRDA:270,25,0,0
BRDA:270,25,1,0
BRDA:281,26,0,43
BRDA:281,26,1,42
BRDA:282,27,0,0
BRDA:282,27,1,42
BRDA:296,28,0,42
BRDA:296,28,1,1
BRDA:298,29,0,42
BRDA:298,29,1,1
BRDA:300,30,0,42
BRDA:300,30,1,1
BRDA:312,31,0,20
BRDA:312,31,1,23
BRDA:314,32,0,11
BRDA:314,32,1,12
BRDA:340,33,0,12
BRDA:340,33,1,6
BRF:68
BRH:43
end_of_record
TN:
SF:src/components/ChatInput.jsx
FN:3,ChatInput
FN:7,(anonymous_1)
FN:15,(anonymous_2)
FN:23,(anonymous_3)
FN:37,(anonymous_4)
FNF:5
FNH:5
FNDA:58,ChatInput
FNDA:27,(anonymous_1)
FNDA:4,(anonymous_2)
FNDA:3,(anonymous_3)
FNDA:6,(anonymous_4)
DA:4,58
DA:5,58
DA:7,58
DA:8,27
DA:10,27
DA:11,27
DA:15,58
DA:16,4
DA:17,4
DA:18,4
DA:19,4
DA:23,58
DA:25,3
DA:26,2
DA:27,2
DA:31,58
DA:37,6
LF:17
LH:17
BRDA:8,0,0,27
BRDA:8,0,1,0
BRDA:17,1,0,4
BRDA:17,1,1,0
BRDA:17,2,0,4
BRDA:17,2,1,4
BRDA:25,3,0,2
BRDA:25,3,1,1
BRDA:25,4,0,3
BRDA:25,4,1,3
BRDA:48,5,0,58
BRDA:48,5,1,51
BRDA:50,6,0,52
BRDA:50,6,1,6
BRDA:50,7,0,58
BRDA:50,7,1,51
BRF:16
BRH:14
end_of_record
TN:
SF:src/components/ChatMessage.jsx
FN:4,ChatMessage
FNF:1
FNH:1
FNDA:24,ChatMessage
DA:5,24
DA:7,24
DA:12,24
LF:3
LH:3
BRDA:13,0,0,13
BRDA:13,0,1,11
BRDA:14,1,0,13
BRDA:14,1,1,11
BRDA:16,2,0,13
BRDA:16,2,1,11
BRDA:18,3,0,13
BRDA:18,3,1,11
BRDA:32,4,0,0
BRDA:32,4,1,24
BRDA:33,5,0,13
BRDA:33,5,1,11
BRDA:37,6,0,0
BRDA:37,6,1,24
BRDA:37,7,0,13
BRDA:37,7,1,11
BRDA:39,8,0,13
BRDA:39,8,1,11
BRDA:47,9,0,24
BRDA:47,9,1,8
BRDA:47,9,2,7
BRF:21
BRH:19
end_of_record
TN:
SF:src/components/Sidebar.jsx
FN:3,Sidebar
FN:24,(anonymous_1)
FN:32,(anonymous_2)
FNF:3
FNH:3
FNDA:49,Sidebar
FNDA:42,(anonymous_1)
FNDA:2,(anonymous_2)
DA:4,49
DA:25,42
DA:32,2
LF:3
LH:3
BRDA:22,0,0,21
BRDA:22,0,1,28
BRDA:22,1,0,49
BRDA:22,1,1,46
BRDA:28,2,0,4
BRDA:28,2,1,38
BRF:6
BRH:6
end_of_record
